[INFO] Source : C:\loganalyzer\logs_test
[INFO] Niveau : ALL
[INFO] Destination archive : C:\loganalyzer\backups
[INFO] Rťtention : 30 jours
[INFO] Analyse en cours...
[INFO] Gťnťration du rapport...
[SUCCESS] Rapport gťnťrť : C:\loganalyzer\rapports\rapport_2026-03-25.json
[INFO] Archivage en cours...
[SUCCESS] Archivage terminť
[ERROR] 'charmap' codec can't encode character '\U0001f389' in position 36: character maps to <undefined>
[INFO] Source : C:\loganalyzer\logs_test
[INFO] Niveau : ALL
[INFO] Destination archive : C:\loganalyzer\backups
[INFO] Rťtention : 30 jours
[INFO] Analyse en cours...
[INFO] Gťnťration du rapport...
[SUCCESS] Rapport gťnťrť : C:\loganalyzer\rapports\rapport_2026-03-25.json
[INFO] Archivage en cours...
[SUCCESS] Archivage terminť
[DONE] Pipeline exťcutť avec succŤs
[INFO] Source : C:\loganalyzer\logs_test
[INFO] Niveau : ALL
[INFO] Destination archive : C:\loganalyzer\backups
[INFO] Rťtention : 30 jours
[INFO] Analyse en cours...
[INFO] Gťnťration du rapport...
[SUCCESS] Rapport gťnťrť : C:\loganalyzer\rapports\rapport_2026-03-25.json
[INFO] Archivage en cours...
[SUCCESS] Archivage terminť
[DONE] Pipeline exťcutť avec succŤs
[INFO] Source : C:\loganalyzer\logs_test
[INFO] Niveau : ALL
[INFO] Destination archive : C:\loganalyzer\backups
[INFO] Rťtention : 30 jours
[INFO] Analyse en cours...
[INFO] Gťnťration du rapport...
[SUCCESS] Rapport gťnťrť : C:\loganalyzer\rapports\rapport_2026-03-25.json
[INFO] Archivage en cours...
[SUCCESS] Archivage terminť
[DONE] Pipeline exťcutť avec succŤs
